<?xml version="1.0" encoding="UTF-8"?>
<Site BuildName="Linux-c++"
	BuildStamp="20250319-0244-Experimental"
	Name="beilbag"
	Generator="ctest-3.31.6"
	CompilerName="/usr/bin/c++"
	CompilerVersion="11.4.0"
	OSName="Linux"
	Hostname="beilbag"
	OSRelease="5.15.167.4-microsoft-standard-WSL2"
	OSVersion="#1 SMP Tue Nov 5 00:21:55 UTC 2024"
	OSPlatform="x86_64"
	Is64Bits="1"
	VendorString="AuthenticAMD"
	VendorID="Advanced Micro Devices"
	FamilyID="25"
	ModelID="33"
	ModelName="AMD Ryzen 5 5600X 6-Core Processor"
	ProcessorCacheSize="512"
	NumberOfLogicalCPU="12"
	NumberOfPhysicalCPU="6"
	TotalVirtualMemory="4096"
	TotalPhysicalMemory="15967"
	LogicalProcessorsPerPhysical="2"
	ProcessorClockFrequency="3700.04"
	>
	<Testing>
		<StartDateTime>Mar 19 14:01 AEDT</StartDateTime>
		<StartTestTime>1742353268</StartTestTime>
		<TestList/>
		<EndDateTime>Mar 19 14:01 AEDT</EndDateTime>
		<EndTestTime>1742353268</EndTestTime>
		<ElapsedMinutes>0</ElapsedMinutes>
	</Testing>
</Site>
